ARM GAS  /tmp/ccnS03Ct.s 			page 1


   1              		.cpu cortex-m3
   2              		.eabi_attribute 20, 1
   3              		.eabi_attribute 21, 1
   4              		.eabi_attribute 23, 3
   5              		.eabi_attribute 24, 1
   6              		.eabi_attribute 25, 1
   7              		.eabi_attribute 26, 1
   8              		.eabi_attribute 30, 1
   9              		.eabi_attribute 34, 1
  10              		.eabi_attribute 18, 4
  11              		.file	"adc.c"
  12              		.text
  13              	.Ltext0:
  14              		.cfi_sections	.debug_frame
  15              		.section	.text.AdcInit,"ax",%progbits
  16              		.align	1
  17              		.global	AdcInit
  18              		.syntax unified
  19              		.thumb
  20              		.thumb_func
  21              		.fpu softvfp
  23              	AdcInit:
  24              	.LFB0:
  25              		.file 1 "..//Source/stm/hal/adc.c"
   1:..//Source/stm/hal/adc.c **** /*!
   2:..//Source/stm/hal/adc.c ****  * \file      adc.c
   3:..//Source/stm/hal/adc.c ****  *
   4:..//Source/stm/hal/adc.c ****  * \brief     Generic ADC driver implementation
   5:..//Source/stm/hal/adc.c ****  *
   6:..//Source/stm/hal/adc.c ****  * \copyright Revised BSD License, see section \ref LICENSE.
   7:..//Source/stm/hal/adc.c ****  *
   8:..//Source/stm/hal/adc.c ****  * \code
   9:..//Source/stm/hal/adc.c ****  *                ______                              _
  10:..//Source/stm/hal/adc.c ****  *               / _____)             _              | |
  11:..//Source/stm/hal/adc.c ****  *              ( (____  _____ ____ _| |_ _____  ____| |__
  12:..//Source/stm/hal/adc.c ****  *               \____ \| ___ |    (_   _) ___ |/ ___)  _ \
  13:..//Source/stm/hal/adc.c ****  *               _____) ) ____| | | || |_| ____( (___| | | |
  14:..//Source/stm/hal/adc.c ****  *              (______/|_____)_|_|_| \__)_____)\____)_| |_|
  15:..//Source/stm/hal/adc.c ****  *              (C)2013-2017 Semtech
  16:..//Source/stm/hal/adc.c ****  *
  17:..//Source/stm/hal/adc.c ****  * \endcode
  18:..//Source/stm/hal/adc.c ****  *
  19:..//Source/stm/hal/adc.c ****  * \author    Miguel Luis ( Semtech )
  20:..//Source/stm/hal/adc.c ****  *
  21:..//Source/stm/hal/adc.c ****  * \author    Gregory Cristian ( Semtech )
  22:..//Source/stm/hal/adc.c ****  */
  23:..//Source/stm/hal/adc.c **** #include <stdbool.h>
  24:..//Source/stm/hal/adc.c **** #include "adc-board.h"
  25:..//Source/stm/hal/adc.c **** 
  26:..//Source/stm/hal/adc.c **** /*!
  27:..//Source/stm/hal/adc.c ****  * Flag to indicates if the ADC is initialized
  28:..//Source/stm/hal/adc.c ****  */
  29:..//Source/stm/hal/adc.c **** static bool AdcInitialized = false;
  30:..//Source/stm/hal/adc.c **** 
  31:..//Source/stm/hal/adc.c **** void AdcInit( Adc_t *obj, PinNames adcInput )
  32:..//Source/stm/hal/adc.c **** {
  26              		.loc 1 32 0
ARM GAS  /tmp/ccnS03Ct.s 			page 2


  27              		.cfi_startproc
  28              		@ args = 0, pretend = 0, frame = 0
  29              		@ frame_needed = 0, uses_anonymous_args = 0
  30              	.LVL0:
  31 0000 08B5     		push	{r3, lr}
  32              	.LCFI0:
  33              		.cfi_def_cfa_offset 8
  34              		.cfi_offset 3, -8
  35              		.cfi_offset 14, -4
  33:..//Source/stm/hal/adc.c ****     if( AdcInitialized == false )
  36              		.loc 1 33 0
  37 0002 064B     		ldr	r3, .L5
  38 0004 1B78     		ldrb	r3, [r3]	@ zero_extendqisi2
  39 0006 03B1     		cbz	r3, .L4
  40              	.LVL1:
  41              	.L1:
  42 0008 08BD     		pop	{r3, pc}
  43              	.LVL2:
  44              	.L4:
  34:..//Source/stm/hal/adc.c ****     {
  35:..//Source/stm/hal/adc.c ****         AdcInitialized = true;
  45              		.loc 1 35 0
  46 000a 0122     		movs	r2, #1
  47 000c 034B     		ldr	r3, .L5
  48 000e 1A70     		strb	r2, [r3]
  36:..//Source/stm/hal/adc.c **** 
  37:..//Source/stm/hal/adc.c ****         AdcMcuInit( obj, adcInput );
  49              		.loc 1 37 0
  50 0010 FFF7FEFF 		bl	AdcMcuInit
  51              	.LVL3:
  38:..//Source/stm/hal/adc.c ****         AdcMcuConfig( );
  52              		.loc 1 38 0
  53 0014 FFF7FEFF 		bl	AdcMcuConfig
  54              	.LVL4:
  39:..//Source/stm/hal/adc.c ****     }
  40:..//Source/stm/hal/adc.c **** }
  55              		.loc 1 40 0
  56 0018 F6E7     		b	.L1
  57              	.L6:
  58 001a 00BF     		.align	2
  59              	.L5:
  60 001c 00000000 		.word	.LANCHOR0
  61              		.cfi_endproc
  62              	.LFE0:
  64              		.section	.text.AdcDeInit,"ax",%progbits
  65              		.align	1
  66              		.global	AdcDeInit
  67              		.syntax unified
  68              		.thumb
  69              		.thumb_func
  70              		.fpu softvfp
  72              	AdcDeInit:
  73              	.LFB1:
  41:..//Source/stm/hal/adc.c **** 
  42:..//Source/stm/hal/adc.c **** void AdcDeInit( Adc_t *obj )
  43:..//Source/stm/hal/adc.c **** {
  74              		.loc 1 43 0
ARM GAS  /tmp/ccnS03Ct.s 			page 3


  75              		.cfi_startproc
  76              		@ args = 0, pretend = 0, frame = 0
  77              		@ frame_needed = 0, uses_anonymous_args = 0
  78              		@ link register save eliminated.
  79              	.LVL5:
  44:..//Source/stm/hal/adc.c ****     AdcInitialized = false;
  80              		.loc 1 44 0
  81 0000 0022     		movs	r2, #0
  82 0002 014B     		ldr	r3, .L8
  83 0004 1A70     		strb	r2, [r3]
  84 0006 7047     		bx	lr
  85              	.L9:
  86              		.align	2
  87              	.L8:
  88 0008 00000000 		.word	.LANCHOR0
  89              		.cfi_endproc
  90              	.LFE1:
  92              		.section	.text.AdcReadChannel,"ax",%progbits
  93              		.align	1
  94              		.global	AdcReadChannel
  95              		.syntax unified
  96              		.thumb
  97              		.thumb_func
  98              		.fpu softvfp
 100              	AdcReadChannel:
 101              	.LFB2:
  45:..//Source/stm/hal/adc.c **** }
  46:..//Source/stm/hal/adc.c **** 
  47:..//Source/stm/hal/adc.c **** uint16_t AdcReadChannel( Adc_t *obj, uint32_t channel )
  48:..//Source/stm/hal/adc.c **** {
 102              		.loc 1 48 0
 103              		.cfi_startproc
 104              		@ args = 0, pretend = 0, frame = 0
 105              		@ frame_needed = 0, uses_anonymous_args = 0
 106              	.LVL6:
 107 0000 08B5     		push	{r3, lr}
 108              	.LCFI1:
 109              		.cfi_def_cfa_offset 8
 110              		.cfi_offset 3, -8
 111              		.cfi_offset 14, -4
  49:..//Source/stm/hal/adc.c ****     if( AdcInitialized == true )
 112              		.loc 1 49 0
 113 0002 044B     		ldr	r3, .L15
 114 0004 1B78     		ldrb	r3, [r3]	@ zero_extendqisi2
 115 0006 0BB9     		cbnz	r3, .L14
  50:..//Source/stm/hal/adc.c ****     {
  51:..//Source/stm/hal/adc.c ****         return AdcMcuReadChannel( obj, channel );
  52:..//Source/stm/hal/adc.c ****     }
  53:..//Source/stm/hal/adc.c ****     else
  54:..//Source/stm/hal/adc.c ****     {
  55:..//Source/stm/hal/adc.c ****         return 0;
 116              		.loc 1 55 0
 117 0008 0020     		movs	r0, #0
 118              	.LVL7:
  56:..//Source/stm/hal/adc.c ****     }
  57:..//Source/stm/hal/adc.c **** }
 119              		.loc 1 57 0
ARM GAS  /tmp/ccnS03Ct.s 			page 4


 120 000a 08BD     		pop	{r3, pc}
 121              	.LVL8:
 122              	.L14:
  51:..//Source/stm/hal/adc.c ****     }
 123              		.loc 1 51 0
 124 000c FFF7FEFF 		bl	AdcMcuReadChannel
 125              	.LVL9:
 126 0010 08BD     		pop	{r3, pc}
 127              	.L16:
 128 0012 00BF     		.align	2
 129              	.L15:
 130 0014 00000000 		.word	.LANCHOR0
 131              		.cfi_endproc
 132              	.LFE2:
 134              		.section	.bss.AdcInitialized,"aw",%nobits
 135              		.set	.LANCHOR0,. + 0
 138              	AdcInitialized:
 139 0000 00       		.space	1
 140              		.text
 141              	.Letext0:
 142              		.file 2 "/usr/include/newlib/machine/_default_types.h"
 143              		.file 3 "/usr/include/newlib/sys/_stdint.h"
 144              		.file 4 "..//Source/stm/hal/gpio.h"
 145              		.file 5 "..//Source/stm/hal/adc.h"
 146              		.file 6 "..//Source/stm/board/adc-board.h"
ARM GAS  /tmp/ccnS03Ct.s 			page 5


DEFINED SYMBOLS
                            *ABS*:0000000000000000 adc.c
     /tmp/ccnS03Ct.s:16     .text.AdcInit:0000000000000000 $t
     /tmp/ccnS03Ct.s:23     .text.AdcInit:0000000000000000 AdcInit
     /tmp/ccnS03Ct.s:60     .text.AdcInit:000000000000001c $d
     /tmp/ccnS03Ct.s:65     .text.AdcDeInit:0000000000000000 $t
     /tmp/ccnS03Ct.s:72     .text.AdcDeInit:0000000000000000 AdcDeInit
     /tmp/ccnS03Ct.s:88     .text.AdcDeInit:0000000000000008 $d
     /tmp/ccnS03Ct.s:93     .text.AdcReadChannel:0000000000000000 $t
     /tmp/ccnS03Ct.s:100    .text.AdcReadChannel:0000000000000000 AdcReadChannel
     /tmp/ccnS03Ct.s:130    .text.AdcReadChannel:0000000000000014 $d
     /tmp/ccnS03Ct.s:138    .bss.AdcInitialized:0000000000000000 AdcInitialized
     /tmp/ccnS03Ct.s:139    .bss.AdcInitialized:0000000000000000 $d
                     .debug_frame:0000000000000010 $d

UNDEFINED SYMBOLS
AdcMcuInit
AdcMcuConfig
AdcMcuReadChannel
