ARM GAS  /tmp/ccRlVfCq.s 			page 1


   1              		.cpu cortex-m3
   2              		.eabi_attribute 20, 1
   3              		.eabi_attribute 21, 1
   4              		.eabi_attribute 23, 3
   5              		.eabi_attribute 24, 1
   6              		.eabi_attribute 25, 1
   7              		.eabi_attribute 26, 1
   8              		.eabi_attribute 30, 1
   9              		.eabi_attribute 34, 1
  10              		.eabi_attribute 18, 4
  11              		.file	"delay-board.c"
  12              		.text
  13              	.Ltext0:
  14              		.cfi_sections	.debug_frame
  15              		.section	.text.DelayMsMcu,"ax",%progbits
  16              		.align	1
  17              		.global	DelayMsMcu
  18              		.syntax unified
  19              		.thumb
  20              		.thumb_func
  21              		.fpu softvfp
  23              	DelayMsMcu:
  24              	.LFB72:
  25              		.file 1 "..//Source/stm/board/board_stm32l151cd/delay-board.c"
   1:..//Source/stm/board/board_stm32l151cd/delay-board.c **** /*!
   2:..//Source/stm/board/board_stm32l151cd/delay-board.c ****  * \file      delay-board.c
   3:..//Source/stm/board/board_stm32l151cd/delay-board.c ****  *
   4:..//Source/stm/board/board_stm32l151cd/delay-board.c ****  * \brief     Target board delay implementation
   5:..//Source/stm/board/board_stm32l151cd/delay-board.c ****  *
   6:..//Source/stm/board/board_stm32l151cd/delay-board.c ****  * \copyright Revised BSD License, see section \ref LICENSE.
   7:..//Source/stm/board/board_stm32l151cd/delay-board.c ****  *
   8:..//Source/stm/board/board_stm32l151cd/delay-board.c ****  * \code
   9:..//Source/stm/board/board_stm32l151cd/delay-board.c ****  *                ______                              _
  10:..//Source/stm/board/board_stm32l151cd/delay-board.c ****  *               / _____)             _              | |
  11:..//Source/stm/board/board_stm32l151cd/delay-board.c ****  *              ( (____  _____ ____ _| |_ _____  ____| |__
  12:..//Source/stm/board/board_stm32l151cd/delay-board.c ****  *               \____ \| ___ |    (_   _) ___ |/ ___)  _ \
  13:..//Source/stm/board/board_stm32l151cd/delay-board.c ****  *               _____) ) ____| | | || |_| ____( (___| | | |
  14:..//Source/stm/board/board_stm32l151cd/delay-board.c ****  *              (______/|_____)_|_|_| \__)_____)\____)_| |_|
  15:..//Source/stm/board/board_stm32l151cd/delay-board.c ****  *              (C)2013-2017 Semtech
  16:..//Source/stm/board/board_stm32l151cd/delay-board.c ****  *
  17:..//Source/stm/board/board_stm32l151cd/delay-board.c ****  * \endcode
  18:..//Source/stm/board/board_stm32l151cd/delay-board.c ****  *
  19:..//Source/stm/board/board_stm32l151cd/delay-board.c ****  * \author    Miguel Luis ( Semtech )
  20:..//Source/stm/board/board_stm32l151cd/delay-board.c ****  *
  21:..//Source/stm/board/board_stm32l151cd/delay-board.c ****  * \author    Gregory Cristian ( Semtech )
  22:..//Source/stm/board/board_stm32l151cd/delay-board.c ****  *
  23:..//Source/stm/board/board_stm32l151cd/delay-board.c ****  * \author    Johannes Bruder ( STACKFORCE )
  24:..//Source/stm/board/board_stm32l151cd/delay-board.c ****  */
  25:..//Source/stm/board/board_stm32l151cd/delay-board.c **** #include "stm32l1xx.h"
  26:..//Source/stm/board/board_stm32l151cd/delay-board.c **** #include "delay-board.h"
  27:..//Source/stm/board/board_stm32l151cd/delay-board.c **** 
  28:..//Source/stm/board/board_stm32l151cd/delay-board.c **** void DelayMsMcu( uint32_t ms )
  29:..//Source/stm/board/board_stm32l151cd/delay-board.c **** {
  26              		.loc 1 29 0
  27              		.cfi_startproc
  28              		@ args = 0, pretend = 0, frame = 0
  29              		@ frame_needed = 0, uses_anonymous_args = 0
ARM GAS  /tmp/ccRlVfCq.s 			page 2


  30              	.LVL0:
  31 0000 08B5     		push	{r3, lr}
  32              	.LCFI0:
  33              		.cfi_def_cfa_offset 8
  34              		.cfi_offset 3, -8
  35              		.cfi_offset 14, -4
  30:..//Source/stm/board/board_stm32l151cd/delay-board.c ****     HAL_Delay( ms );
  36              		.loc 1 30 0
  37 0002 FFF7FEFF 		bl	HAL_Delay
  38              	.LVL1:
  39 0006 08BD     		pop	{r3, pc}
  40              		.cfi_endproc
  41              	.LFE72:
  43              		.text
  44              	.Letext0:
  45              		.file 2 "/usr/include/newlib/machine/_default_types.h"
  46              		.file 3 "/usr/include/newlib/sys/_stdint.h"
  47              		.file 4 "..//Source/stm/lib/CMSIS/Include/core_cm3.h"
  48              		.file 5 "..//Source/stm/lib/CMSIS/Device/ST/STM32L1xx/Include/system_stm32l1xx.h"
  49              		.file 6 "..//Source/stm/lib/STM32L1xx_HAL_Driver/Inc/stm32l1xx_hal.h"
ARM GAS  /tmp/ccRlVfCq.s 			page 3


DEFINED SYMBOLS
                            *ABS*:0000000000000000 delay-board.c
     /tmp/ccRlVfCq.s:16     .text.DelayMsMcu:0000000000000000 $t
     /tmp/ccRlVfCq.s:23     .text.DelayMsMcu:0000000000000000 DelayMsMcu
                     .debug_frame:0000000000000010 $d

UNDEFINED SYMBOLS
HAL_Delay
