ARM GAS  /tmp/ccavtNh0.s 			page 1


   1              		.cpu cortex-m3
   2              		.eabi_attribute 20, 1
   3              		.eabi_attribute 21, 1
   4              		.eabi_attribute 23, 3
   5              		.eabi_attribute 24, 1
   6              		.eabi_attribute 25, 1
   7              		.eabi_attribute 26, 1
   8              		.eabi_attribute 30, 1
   9              		.eabi_attribute 34, 1
  10              		.eabi_attribute 18, 4
  11              		.file	"eeprom.c"
  12              		.text
  13              	.Ltext0:
  14              		.cfi_sections	.debug_frame
  15              		.section	.text.EepromWriteBuffer,"ax",%progbits
  16              		.align	1
  17              		.global	EepromWriteBuffer
  18              		.syntax unified
  19              		.thumb
  20              		.thumb_func
  21              		.fpu softvfp
  23              	EepromWriteBuffer:
  24              	.LFB0:
  25              		.file 1 "..//Source/stm/hal/eeprom.c"
   1:..//Source/stm/hal/eeprom.c **** /*!
   2:..//Source/stm/hal/eeprom.c ****  * \file      eeprom.c
   3:..//Source/stm/hal/eeprom.c ****  *
   4:..//Source/stm/hal/eeprom.c ****  * \brief     EEPROM driver implementation
   5:..//Source/stm/hal/eeprom.c ****  *
   6:..//Source/stm/hal/eeprom.c ****  * \copyright Revised BSD License, see section \ref LICENSE.
   7:..//Source/stm/hal/eeprom.c ****  *
   8:..//Source/stm/hal/eeprom.c ****  * \code
   9:..//Source/stm/hal/eeprom.c ****  *                ______                              _
  10:..//Source/stm/hal/eeprom.c ****  *               / _____)             _              | |
  11:..//Source/stm/hal/eeprom.c ****  *              ( (____  _____ ____ _| |_ _____  ____| |__
  12:..//Source/stm/hal/eeprom.c ****  *               \____ \| ___ |    (_   _) ___ |/ ___)  _ \
  13:..//Source/stm/hal/eeprom.c ****  *               _____) ) ____| | | || |_| ____( (___| | | |
  14:..//Source/stm/hal/eeprom.c ****  *              (______/|_____)_|_|_| \__)_____)\____)_| |_|
  15:..//Source/stm/hal/eeprom.c ****  *              (C)2013-2017 Semtech
  16:..//Source/stm/hal/eeprom.c ****  *
  17:..//Source/stm/hal/eeprom.c ****  * \endcode
  18:..//Source/stm/hal/eeprom.c ****  *
  19:..//Source/stm/hal/eeprom.c ****  * \author    Miguel Luis ( Semtech )
  20:..//Source/stm/hal/eeprom.c ****  *
  21:..//Source/stm/hal/eeprom.c ****  * \author    Gregory Cristian ( Semtech )
  22:..//Source/stm/hal/eeprom.c ****  */
  23:..//Source/stm/hal/eeprom.c **** #include "eeprom-board.h"
  24:..//Source/stm/hal/eeprom.c **** #include "eeprom.h"
  25:..//Source/stm/hal/eeprom.c **** 
  26:..//Source/stm/hal/eeprom.c **** uint8_t EepromWriteBuffer( uint16_t addr, uint8_t *buffer, uint16_t size )
  27:..//Source/stm/hal/eeprom.c **** {
  26              		.loc 1 27 0
  27              		.cfi_startproc
  28              		@ args = 0, pretend = 0, frame = 0
  29              		@ frame_needed = 0, uses_anonymous_args = 0
  30              	.LVL0:
  31 0000 08B5     		push	{r3, lr}
ARM GAS  /tmp/ccavtNh0.s 			page 2


  32              	.LCFI0:
  33              		.cfi_def_cfa_offset 8
  34              		.cfi_offset 3, -8
  35              		.cfi_offset 14, -4
  28:..//Source/stm/hal/eeprom.c ****     return EepromMcuWriteBuffer( addr, buffer, size );
  36              		.loc 1 28 0
  37 0002 FFF7FEFF 		bl	EepromMcuWriteBuffer
  38              	.LVL1:
  29:..//Source/stm/hal/eeprom.c **** }
  39              		.loc 1 29 0
  40 0006 08BD     		pop	{r3, pc}
  41              		.cfi_endproc
  42              	.LFE0:
  44              		.section	.text.EepromReadBuffer,"ax",%progbits
  45              		.align	1
  46              		.global	EepromReadBuffer
  47              		.syntax unified
  48              		.thumb
  49              		.thumb_func
  50              		.fpu softvfp
  52              	EepromReadBuffer:
  53              	.LFB1:
  30:..//Source/stm/hal/eeprom.c **** 
  31:..//Source/stm/hal/eeprom.c **** uint8_t EepromReadBuffer( uint16_t addr, uint8_t *buffer, uint16_t size )
  32:..//Source/stm/hal/eeprom.c **** {
  54              		.loc 1 32 0
  55              		.cfi_startproc
  56              		@ args = 0, pretend = 0, frame = 0
  57              		@ frame_needed = 0, uses_anonymous_args = 0
  58              	.LVL2:
  59 0000 08B5     		push	{r3, lr}
  60              	.LCFI1:
  61              		.cfi_def_cfa_offset 8
  62              		.cfi_offset 3, -8
  63              		.cfi_offset 14, -4
  33:..//Source/stm/hal/eeprom.c ****     return EepromMcuReadBuffer( addr, buffer, size );
  64              		.loc 1 33 0
  65 0002 FFF7FEFF 		bl	EepromMcuReadBuffer
  66              	.LVL3:
  34:..//Source/stm/hal/eeprom.c **** }
  67              		.loc 1 34 0
  68 0006 08BD     		pop	{r3, pc}
  69              		.cfi_endproc
  70              	.LFE1:
  72              		.section	.text.EepromSetDeviceAddr,"ax",%progbits
  73              		.align	1
  74              		.global	EepromSetDeviceAddr
  75              		.syntax unified
  76              		.thumb
  77              		.thumb_func
  78              		.fpu softvfp
  80              	EepromSetDeviceAddr:
  81              	.LFB2:
  35:..//Source/stm/hal/eeprom.c **** 
  36:..//Source/stm/hal/eeprom.c **** void EepromSetDeviceAddr( uint8_t addr )
  37:..//Source/stm/hal/eeprom.c **** {
  82              		.loc 1 37 0
ARM GAS  /tmp/ccavtNh0.s 			page 3


  83              		.cfi_startproc
  84              		@ args = 0, pretend = 0, frame = 0
  85              		@ frame_needed = 0, uses_anonymous_args = 0
  86              	.LVL4:
  87 0000 08B5     		push	{r3, lr}
  88              	.LCFI2:
  89              		.cfi_def_cfa_offset 8
  90              		.cfi_offset 3, -8
  91              		.cfi_offset 14, -4
  38:..//Source/stm/hal/eeprom.c ****     EepromMcuSetDeviceAddr( addr );
  92              		.loc 1 38 0
  93 0002 FFF7FEFF 		bl	EepromMcuSetDeviceAddr
  94              	.LVL5:
  95 0006 08BD     		pop	{r3, pc}
  96              		.cfi_endproc
  97              	.LFE2:
  99              		.section	.text.EepromGetDeviceAddr,"ax",%progbits
 100              		.align	1
 101              		.global	EepromGetDeviceAddr
 102              		.syntax unified
 103              		.thumb
 104              		.thumb_func
 105              		.fpu softvfp
 107              	EepromGetDeviceAddr:
 108              	.LFB3:
  39:..//Source/stm/hal/eeprom.c **** }
  40:..//Source/stm/hal/eeprom.c **** 
  41:..//Source/stm/hal/eeprom.c **** uint8_t EepromGetDeviceAddr( void )
  42:..//Source/stm/hal/eeprom.c **** {
 109              		.loc 1 42 0
 110              		.cfi_startproc
 111              		@ args = 0, pretend = 0, frame = 0
 112              		@ frame_needed = 0, uses_anonymous_args = 0
 113 0000 08B5     		push	{r3, lr}
 114              	.LCFI3:
 115              		.cfi_def_cfa_offset 8
 116              		.cfi_offset 3, -8
 117              		.cfi_offset 14, -4
  43:..//Source/stm/hal/eeprom.c ****     return EepromMcuGetDeviceAddr( );
 118              		.loc 1 43 0
 119 0002 FFF7FEFF 		bl	EepromMcuGetDeviceAddr
 120              	.LVL6:
  44:..//Source/stm/hal/eeprom.c **** }
 121              		.loc 1 44 0
 122 0006 08BD     		pop	{r3, pc}
 123              		.cfi_endproc
 124              	.LFE3:
 126              		.text
 127              	.Letext0:
 128              		.file 2 "/usr/include/newlib/machine/_default_types.h"
 129              		.file 3 "/usr/include/newlib/sys/_stdint.h"
 130              		.file 4 "..//Source/stm/board/eeprom-board.h"
ARM GAS  /tmp/ccavtNh0.s 			page 4


DEFINED SYMBOLS
                            *ABS*:0000000000000000 eeprom.c
     /tmp/ccavtNh0.s:16     .text.EepromWriteBuffer:0000000000000000 $t
     /tmp/ccavtNh0.s:23     .text.EepromWriteBuffer:0000000000000000 EepromWriteBuffer
     /tmp/ccavtNh0.s:45     .text.EepromReadBuffer:0000000000000000 $t
     /tmp/ccavtNh0.s:52     .text.EepromReadBuffer:0000000000000000 EepromReadBuffer
     /tmp/ccavtNh0.s:73     .text.EepromSetDeviceAddr:0000000000000000 $t
     /tmp/ccavtNh0.s:80     .text.EepromSetDeviceAddr:0000000000000000 EepromSetDeviceAddr
     /tmp/ccavtNh0.s:100    .text.EepromGetDeviceAddr:0000000000000000 $t
     /tmp/ccavtNh0.s:107    .text.EepromGetDeviceAddr:0000000000000000 EepromGetDeviceAddr
                     .debug_frame:0000000000000010 $d

UNDEFINED SYMBOLS
EepromMcuWriteBuffer
EepromMcuReadBuffer
EepromMcuSetDeviceAddr
EepromMcuGetDeviceAddr
