ARM GAS  /tmp/ccNsRIMI.s 			page 1


   1              		.cpu cortex-m3
   2              		.eabi_attribute 20, 1
   3              		.eabi_attribute 21, 1
   4              		.eabi_attribute 23, 3
   5              		.eabi_attribute 24, 1
   6              		.eabi_attribute 25, 1
   7              		.eabi_attribute 26, 1
   8              		.eabi_attribute 30, 1
   9              		.eabi_attribute 34, 1
  10              		.eabi_attribute 18, 4
  11              		.file	"main.c"
  12              		.text
  13              	.Ltext0:
  14              		.cfi_sections	.debug_frame
  15              		.section	.text.MX_GPIO_Init,"ax",%progbits
  16              		.align	1
  17              		.syntax unified
  18              		.thumb
  19              		.thumb_func
  20              		.fpu softvfp
  22              	MX_GPIO_Init:
  23              	.LFB75:
  24              		.file 1 "..//Source/stm/app/main.c"
   1:..//Source/stm/app/main.c **** #include "main.h"
   2:..//Source/stm/app/main.c **** void SystemClock_Config(void);
   3:..//Source/stm/app/main.c **** //static void MX_GPIO_Init(void);
   4:..//Source/stm/app/main.c **** //static void MX_RTC_Init(void);
   5:..//Source/stm/app/main.c **** static void MX_USART1_UART_Init(void);
   6:..//Source/stm/app/main.c **** /* USER CODE BEGIN PFP */
   7:..//Source/stm/app/main.c **** static void MX_GPIO_Init(void);
   8:..//Source/stm/app/main.c **** /* USER CODE END PFP */
   9:..//Source/stm/app/main.c **** 
  10:..//Source/stm/app/main.c **** /* Private user code ---------------------------------------------------------*/
  11:..//Source/stm/app/main.c **** /* USER CODE BEGIN 0 */ 
  12:..//Source/stm/app/main.c ****  UART_HandleTypeDef huart1;
  13:..//Source/stm/app/main.c **** /* USER CODE END 0 */
  14:..//Source/stm/app/main.c **** 
  15:..//Source/stm/app/main.c **** /**
  16:..//Source/stm/app/main.c ****   * @brief  The application entry point.
  17:..//Source/stm/app/main.c ****   * @retval int
  18:..//Source/stm/app/main.c ****   */
  19:..//Source/stm/app/main.c **** int main(void)
  20:..//Source/stm/app/main.c **** {
  21:..//Source/stm/app/main.c ****   /* USER CODE BEGIN 1 */
  22:..//Source/stm/app/main.c **** 
  23:..//Source/stm/app/main.c ****   /* USER CODE END 1 */
  24:..//Source/stm/app/main.c ****   
  25:..//Source/stm/app/main.c **** 
  26:..//Source/stm/app/main.c ****   /* MCU Configuration--------------------------------------------------------*/
  27:..//Source/stm/app/main.c **** 
  28:..//Source/stm/app/main.c ****   /* Reset of all peripherals, Initializes the Flash interface and the Systick. */
  29:..//Source/stm/app/main.c ****   HAL_Init();
  30:..//Source/stm/app/main.c **** 
  31:..//Source/stm/app/main.c ****   /* USER CODE BEGIN Init */
  32:..//Source/stm/app/main.c **** 
  33:..//Source/stm/app/main.c ****   /* USER CODE END Init */
  34:..//Source/stm/app/main.c **** 
ARM GAS  /tmp/ccNsRIMI.s 			page 2


  35:..//Source/stm/app/main.c ****   /* Configure the system clock */
  36:..//Source/stm/app/main.c ****   SystemClock_Config();
  37:..//Source/stm/app/main.c **** 
  38:..//Source/stm/app/main.c ****   /* USER CODE BEGIN SysInit */
  39:..//Source/stm/app/main.c ****   MX_GPIO_Init();
  40:..//Source/stm/app/main.c ****   /* USER CODE END SysInit */
  41:..//Source/stm/app/main.c **** 
  42:..//Source/stm/app/main.c ****   /* Initialize all configured peripherals */
  43:..//Source/stm/app/main.c ****   MX_USART1_UART_Init();
  44:..//Source/stm/app/main.c ****   /* USER CODE BEGIN 2 */
  45:..//Source/stm/app/main.c **** 
  46:..//Source/stm/app/main.c ****   /* USER CODE END 2 */
  47:..//Source/stm/app/main.c **** 
  48:..//Source/stm/app/main.c ****   /* Infinite loop */
  49:..//Source/stm/app/main.c ****   /* USER CODE BEGIN WHILE */
  50:..//Source/stm/app/main.c ****   while (1)
  51:..//Source/stm/app/main.c ****   {
  52:..//Source/stm/app/main.c **** 	/* USER CODE END WHILE */
  53:..//Source/stm/app/main.c ****   	HAL_UART_Transmit(&huart1, (uint8_t *)"Hello ubuntu\r\n", sizeof("Hello ubuntu\r\n"), 0xFFFF);
  54:..//Source/stm/app/main.c **** 	HAL_Delay(1000);
  55:..//Source/stm/app/main.c **** 	/* USER CODE BEGIN 3 */
  56:..//Source/stm/app/main.c ****   }
  57:..//Source/stm/app/main.c ****   /* USER CODE END 3 */
  58:..//Source/stm/app/main.c **** }
  59:..//Source/stm/app/main.c **** 
  60:..//Source/stm/app/main.c **** /**
  61:..//Source/stm/app/main.c ****   * @brief System Clock Configuration
  62:..//Source/stm/app/main.c ****   * @retval None
  63:..//Source/stm/app/main.c ****   */
  64:..//Source/stm/app/main.c **** void SystemClock_Config()
  65:..//Source/stm/app/main.c **** {
  66:..//Source/stm/app/main.c ****   RCC_OscInitTypeDef RCC_OscInitStruct = {0};
  67:..//Source/stm/app/main.c ****   RCC_ClkInitTypeDef RCC_ClkInitStruct = {0};
  68:..//Source/stm/app/main.c ****   RCC_PeriphCLKInitTypeDef PeriphClkInit = {0};
  69:..//Source/stm/app/main.c **** 
  70:..//Source/stm/app/main.c ****   /** Configure the main internal regulator output voltage 
  71:..//Source/stm/app/main.c ****   */
  72:..//Source/stm/app/main.c ****   __HAL_PWR_VOLTAGESCALING_CONFIG(PWR_REGULATOR_VOLTAGE_SCALE1);
  73:..//Source/stm/app/main.c ****   /** Initializes the CPU, AHB and APB busses clocks 
  74:..//Source/stm/app/main.c ****   */
  75:..//Source/stm/app/main.c ****   RCC_OscInitStruct.OscillatorType = RCC_OSCILLATORTYPE_LSI|RCC_OSCILLATORTYPE_MSI;
  76:..//Source/stm/app/main.c ****   RCC_OscInitStruct.LSIState = RCC_LSI_ON;
  77:..//Source/stm/app/main.c ****   RCC_OscInitStruct.MSIState = RCC_MSI_ON;
  78:..//Source/stm/app/main.c ****   RCC_OscInitStruct.MSICalibrationValue = 0;
  79:..//Source/stm/app/main.c ****   RCC_OscInitStruct.MSIClockRange = RCC_MSIRANGE_5;
  80:..//Source/stm/app/main.c ****   RCC_OscInitStruct.PLL.PLLState = RCC_PLL_NONE;
  81:..//Source/stm/app/main.c ****   if (HAL_RCC_OscConfig(&RCC_OscInitStruct) != HAL_OK)
  82:..//Source/stm/app/main.c ****   {
  83:..//Source/stm/app/main.c ****     Error_Handler();
  84:..//Source/stm/app/main.c ****   }
  85:..//Source/stm/app/main.c ****   /** Initializes the CPU, AHB and APB busses clocks 
  86:..//Source/stm/app/main.c ****   */
  87:..//Source/stm/app/main.c ****   RCC_ClkInitStruct.ClockType = RCC_CLOCKTYPE_HCLK|RCC_CLOCKTYPE_SYSCLK
  88:..//Source/stm/app/main.c ****                               |RCC_CLOCKTYPE_PCLK1|RCC_CLOCKTYPE_PCLK2;
  89:..//Source/stm/app/main.c ****   RCC_ClkInitStruct.SYSCLKSource = RCC_SYSCLKSOURCE_MSI;
  90:..//Source/stm/app/main.c ****   RCC_ClkInitStruct.AHBCLKDivider = RCC_SYSCLK_DIV1;
  91:..//Source/stm/app/main.c ****   RCC_ClkInitStruct.APB1CLKDivider = RCC_HCLK_DIV1;
ARM GAS  /tmp/ccNsRIMI.s 			page 3


  92:..//Source/stm/app/main.c ****   RCC_ClkInitStruct.APB2CLKDivider = RCC_HCLK_DIV1;
  93:..//Source/stm/app/main.c **** 
  94:..//Source/stm/app/main.c ****   if (HAL_RCC_ClockConfig(&RCC_ClkInitStruct, FLASH_LATENCY_0) != HAL_OK)
  95:..//Source/stm/app/main.c ****   {
  96:..//Source/stm/app/main.c ****     Error_Handler();
  97:..//Source/stm/app/main.c ****   }
  98:..//Source/stm/app/main.c ****   PeriphClkInit.PeriphClockSelection = RCC_PERIPHCLK_RTC;
  99:..//Source/stm/app/main.c ****   PeriphClkInit.RTCClockSelection = RCC_RTCCLKSOURCE_LSI;
 100:..//Source/stm/app/main.c ****   if (HAL_RCCEx_PeriphCLKConfig(&PeriphClkInit) != HAL_OK)
 101:..//Source/stm/app/main.c ****   {
 102:..//Source/stm/app/main.c ****     Error_Handler();
 103:..//Source/stm/app/main.c ****   }
 104:..//Source/stm/app/main.c **** }
 105:..//Source/stm/app/main.c **** 
 106:..//Source/stm/app/main.c **** /**
 107:..//Source/stm/app/main.c ****   * @brief RTC Initialization Function
 108:..//Source/stm/app/main.c ****   * @param None
 109:..//Source/stm/app/main.c ****   * @retval None
 110:..//Source/stm/app/main.c ****   */
 111:..//Source/stm/app/main.c **** //static void MX_RTC_Init(void)
 112:..//Source/stm/app/main.c **** //{
 113:..//Source/stm/app/main.c **** //
 114:..//Source/stm/app/main.c ****   /* USER CODE BEGIN RTC_Init 0 */
 115:..//Source/stm/app/main.c **** 
 116:..//Source/stm/app/main.c ****   /* USER CODE END RTC_Init 0 */
 117:..//Source/stm/app/main.c **** 
 118:..//Source/stm/app/main.c **** //  RTC_TimeTypeDef sTime = {0};
 119:..//Source/stm/app/main.c **** //  RTC_DateTypeDef sDate = {0};
 120:..//Source/stm/app/main.c **** 
 121:..//Source/stm/app/main.c ****   /* USER CODE BEGIN RTC_Init 1 */
 122:..//Source/stm/app/main.c **** 
 123:..//Source/stm/app/main.c ****   /* USER CODE END RTC_Init 1 */
 124:..//Source/stm/app/main.c ****   /** Initialize RTC Only 
 125:..//Source/stm/app/main.c ****   */
 126:..//Source/stm/app/main.c **** //  hrtc.Instance = RTC;
 127:..//Source/stm/app/main.c **** //  hrtc.Init.HourFormat = RTC_HOURFORMAT_24;
 128:..//Source/stm/app/main.c **** //  hrtc.Init.AsynchPrediv = 127;
 129:..//Source/stm/app/main.c **** //  hrtc.Init.SynchPrediv = 255;
 130:..//Source/stm/app/main.c **** //  hrtc.Init.OutPut = RTC_OUTPUT_DISABLE;
 131:..//Source/stm/app/main.c **** //  hrtc.Init.OutPutPolarity = RTC_OUTPUT_POLARITY_HIGH;
 132:..//Source/stm/app/main.c **** //  hrtc.Init.OutPutType = RTC_OUTPUT_TYPE_OPENDRAIN;
 133:..//Source/stm/app/main.c **** //  if (HAL_RTC_Init(&hrtc) != HAL_OK)
 134:..//Source/stm/app/main.c **** //  {
 135:..//Source/stm/app/main.c **** //    Error_Handler();
 136:..//Source/stm/app/main.c **** //  }
 137:..//Source/stm/app/main.c **** 
 138:..//Source/stm/app/main.c ****   /* USER CODE BEGIN Check_RTC_BKUP */
 139:..//Source/stm/app/main.c ****     
 140:..//Source/stm/app/main.c ****   /* USER CODE END Check_RTC_BKUP */
 141:..//Source/stm/app/main.c **** 
 142:..//Source/stm/app/main.c ****   /** Initialize RTC and set the Time and Date 
 143:..//Source/stm/app/main.c ****   */
 144:..//Source/stm/app/main.c **** //  sTime.Hours = 0x0;
 145:..//Source/stm/app/main.c **** //  sTime.Minutes = 0x0;
 146:..//Source/stm/app/main.c **** //  sTime.Seconds = 0x0;
 147:..//Source/stm/app/main.c **** //  sTime.DayLightSaving = RTC_DAYLIGHTSAVING_NONE;
 148:..//Source/stm/app/main.c **** //  sTime.StoreOperation = RTC_STOREOPERATION_RESET;
ARM GAS  /tmp/ccNsRIMI.s 			page 4


 149:..//Source/stm/app/main.c **** //  if (HAL_RTC_SetTime(&hrtc, &sTime, RTC_FORMAT_BCD) != HAL_OK)
 150:..//Source/stm/app/main.c **** //  {
 151:..//Source/stm/app/main.c **** //    Error_Handler();
 152:..//Source/stm/app/main.c **** //  }
 153:..//Source/stm/app/main.c **** //  sDate.WeekDay = RTC_WEEKDAY_MONDAY;
 154:..//Source/stm/app/main.c **** //  sDate.Month = RTC_MONTH_JANUARY;
 155:..//Source/stm/app/main.c **** //  sDate.Date = 0x1;
 156:..//Source/stm/app/main.c **** //  sDate.Year = 0x0;
 157:..//Source/stm/app/main.c **** 
 158:..//Source/stm/app/main.c **** //  if (HAL_RTC_SetDate(&hrtc, &sDate, RTC_FORMAT_BCD) != HAL_OK)
 159:..//Source/stm/app/main.c **** //  {
 160:..//Source/stm/app/main.c **** //    Error_Handler();
 161:..//Source/stm/app/main.c **** //  }
 162:..//Source/stm/app/main.c ****   /* USER CODE BEGIN RTC_Init 2 */
 163:..//Source/stm/app/main.c **** 
 164:..//Source/stm/app/main.c ****   /* USER CODE END RTC_Init 2 */
 165:..//Source/stm/app/main.c **** 
 166:..//Source/stm/app/main.c **** //}
 167:..//Source/stm/app/main.c **** 
 168:..//Source/stm/app/main.c **** /**
 169:..//Source/stm/app/main.c ****   * @brief USART1 Initialization Function
 170:..//Source/stm/app/main.c ****   * @param None
 171:..//Source/stm/app/main.c ****   * @retval None
 172:..//Source/stm/app/main.c ****   */
 173:..//Source/stm/app/main.c **** static void MX_USART1_UART_Init(void)
 174:..//Source/stm/app/main.c **** {
 175:..//Source/stm/app/main.c **** 
 176:..//Source/stm/app/main.c ****   /* USER CODE BEGIN USART1_Init 0 */
 177:..//Source/stm/app/main.c **** 
 178:..//Source/stm/app/main.c ****   /* USER CODE END USART1_Init 0 */
 179:..//Source/stm/app/main.c **** 
 180:..//Source/stm/app/main.c ****   /* USER CODE BEGIN USART1_Init 1 */
 181:..//Source/stm/app/main.c **** 
 182:..//Source/stm/app/main.c ****   /* USER CODE END USART1_Init 1 */
 183:..//Source/stm/app/main.c ****   huart1.Instance = USART1;
 184:..//Source/stm/app/main.c ****   huart1.Init.BaudRate = 115200;
 185:..//Source/stm/app/main.c ****   huart1.Init.WordLength = UART_WORDLENGTH_8B;
 186:..//Source/stm/app/main.c ****   huart1.Init.StopBits = UART_STOPBITS_1;
 187:..//Source/stm/app/main.c ****   huart1.Init.Parity = UART_PARITY_NONE;
 188:..//Source/stm/app/main.c ****   huart1.Init.Mode = UART_MODE_TX_RX;
 189:..//Source/stm/app/main.c ****   huart1.Init.HwFlowCtl = UART_HWCONTROL_NONE;
 190:..//Source/stm/app/main.c ****   huart1.Init.OverSampling = UART_OVERSAMPLING_16;
 191:..//Source/stm/app/main.c ****   if (HAL_UART_Init(&huart1) != HAL_OK)
 192:..//Source/stm/app/main.c ****   {
 193:..//Source/stm/app/main.c ****     Error_Handler();
 194:..//Source/stm/app/main.c ****   }
 195:..//Source/stm/app/main.c ****   /* USER CODE BEGIN USART1_Init 2 */
 196:..//Source/stm/app/main.c **** 
 197:..//Source/stm/app/main.c ****   /* USER CODE END USART1_Init 2 */
 198:..//Source/stm/app/main.c **** 
 199:..//Source/stm/app/main.c **** }
 200:..//Source/stm/app/main.c **** 
 201:..//Source/stm/app/main.c **** /**
 202:..//Source/stm/app/main.c ****   * @brief GPIO Initialization Function
 203:..//Source/stm/app/main.c ****   * @param None
 204:..//Source/stm/app/main.c ****   * @retval None
 205:..//Source/stm/app/main.c ****   */
ARM GAS  /tmp/ccNsRIMI.s 			page 5


 206:..//Source/stm/app/main.c **** static void MX_GPIO_Init(void)
 207:..//Source/stm/app/main.c **** {
  25              		.loc 1 207 0
  26              		.cfi_startproc
  27              		@ args = 0, pretend = 0, frame = 8
  28              		@ frame_needed = 0, uses_anonymous_args = 0
  29              		@ link register save eliminated.
  30 0000 82B0     		sub	sp, sp, #8
  31              	.LCFI0:
  32              		.cfi_def_cfa_offset 8
  33              	.LBB2:
 208:..//Source/stm/app/main.c **** 
 209:..//Source/stm/app/main.c ****   /* GPIO Ports Clock Enable */
 210:..//Source/stm/app/main.c ****   __HAL_RCC_GPIOA_CLK_ENABLE();
  34              		.loc 1 210 0
  35 0002 064B     		ldr	r3, .L3
  36 0004 DA69     		ldr	r2, [r3, #28]
  37 0006 42F00102 		orr	r2, r2, #1
  38 000a DA61     		str	r2, [r3, #28]
  39 000c DB69     		ldr	r3, [r3, #28]
  40 000e 03F00103 		and	r3, r3, #1
  41 0012 0193     		str	r3, [sp, #4]
  42 0014 019B     		ldr	r3, [sp, #4]
  43              	.LBE2:
 211:..//Source/stm/app/main.c **** 
 212:..//Source/stm/app/main.c **** }
  44              		.loc 1 212 0
  45 0016 02B0     		add	sp, sp, #8
  46              	.LCFI1:
  47              		.cfi_def_cfa_offset 0
  48              		@ sp needed
  49 0018 7047     		bx	lr
  50              	.L4:
  51 001a 00BF     		.align	2
  52              	.L3:
  53 001c 00380240 		.word	1073887232
  54              		.cfi_endproc
  55              	.LFE75:
  57              		.section	.text.MX_USART1_UART_Init,"ax",%progbits
  58              		.align	1
  59              		.syntax unified
  60              		.thumb
  61              		.thumb_func
  62              		.fpu softvfp
  64              	MX_USART1_UART_Init:
  65              	.LFB74:
 174:..//Source/stm/app/main.c **** 
  66              		.loc 1 174 0
  67              		.cfi_startproc
  68              		@ args = 0, pretend = 0, frame = 0
  69              		@ frame_needed = 0, uses_anonymous_args = 0
  70 0000 08B5     		push	{r3, lr}
  71              	.LCFI2:
  72              		.cfi_def_cfa_offset 8
  73              		.cfi_offset 3, -8
  74              		.cfi_offset 14, -4
 183:..//Source/stm/app/main.c ****   huart1.Init.BaudRate = 115200;
ARM GAS  /tmp/ccNsRIMI.s 			page 6


  75              		.loc 1 183 0
  76 0002 0848     		ldr	r0, .L7
  77 0004 084B     		ldr	r3, .L7+4
  78 0006 0360     		str	r3, [r0]
 184:..//Source/stm/app/main.c ****   huart1.Init.WordLength = UART_WORDLENGTH_8B;
  79              		.loc 1 184 0
  80 0008 4FF4E133 		mov	r3, #115200
  81 000c 4360     		str	r3, [r0, #4]
 185:..//Source/stm/app/main.c ****   huart1.Init.StopBits = UART_STOPBITS_1;
  82              		.loc 1 185 0
  83 000e 0023     		movs	r3, #0
  84 0010 8360     		str	r3, [r0, #8]
 186:..//Source/stm/app/main.c ****   huart1.Init.Parity = UART_PARITY_NONE;
  85              		.loc 1 186 0
  86 0012 C360     		str	r3, [r0, #12]
 187:..//Source/stm/app/main.c ****   huart1.Init.Mode = UART_MODE_TX_RX;
  87              		.loc 1 187 0
  88 0014 0361     		str	r3, [r0, #16]
 188:..//Source/stm/app/main.c ****   huart1.Init.HwFlowCtl = UART_HWCONTROL_NONE;
  89              		.loc 1 188 0
  90 0016 0C22     		movs	r2, #12
  91 0018 4261     		str	r2, [r0, #20]
 189:..//Source/stm/app/main.c ****   huart1.Init.OverSampling = UART_OVERSAMPLING_16;
  92              		.loc 1 189 0
  93 001a 8361     		str	r3, [r0, #24]
 190:..//Source/stm/app/main.c ****   if (HAL_UART_Init(&huart1) != HAL_OK)
  94              		.loc 1 190 0
  95 001c C361     		str	r3, [r0, #28]
 191:..//Source/stm/app/main.c ****   {
  96              		.loc 1 191 0
  97 001e FFF7FEFF 		bl	HAL_UART_Init
  98              	.LVL0:
  99 0022 08BD     		pop	{r3, pc}
 100              	.L8:
 101              		.align	2
 102              	.L7:
 103 0024 00000000 		.word	huart1
 104 0028 00380140 		.word	1073821696
 105              		.cfi_endproc
 106              	.LFE74:
 108              		.section	.text.SystemClock_Config,"ax",%progbits
 109              		.align	1
 110              		.global	SystemClock_Config
 111              		.syntax unified
 112              		.thumb
 113              		.thumb_func
 114              		.fpu softvfp
 116              	SystemClock_Config:
 117              	.LFB73:
  65:..//Source/stm/app/main.c ****   RCC_OscInitTypeDef RCC_OscInitStruct = {0};
 118              		.loc 1 65 0
 119              		.cfi_startproc
 120              		@ args = 0, pretend = 0, frame = 80
 121              		@ frame_needed = 0, uses_anonymous_args = 0
 122 0000 30B5     		push	{r4, r5, lr}
 123              	.LCFI3:
 124              		.cfi_def_cfa_offset 12
ARM GAS  /tmp/ccNsRIMI.s 			page 7


 125              		.cfi_offset 4, -12
 126              		.cfi_offset 5, -8
 127              		.cfi_offset 14, -4
 128 0002 95B0     		sub	sp, sp, #84
 129              	.LCFI4:
 130              		.cfi_def_cfa_offset 96
  66:..//Source/stm/app/main.c ****   RCC_ClkInitTypeDef RCC_ClkInitStruct = {0};
 131              		.loc 1 66 0
 132 0004 3422     		movs	r2, #52
 133 0006 0021     		movs	r1, #0
 134 0008 07A8     		add	r0, sp, #28
 135 000a FFF7FEFF 		bl	memset
 136              	.LVL1:
  67:..//Source/stm/app/main.c ****   RCC_PeriphCLKInitTypeDef PeriphClkInit = {0};
 137              		.loc 1 67 0
 138 000e 0024     		movs	r4, #0
 139 0010 0294     		str	r4, [sp, #8]
 140 0012 0394     		str	r4, [sp, #12]
 141 0014 0494     		str	r4, [sp, #16]
 142 0016 0594     		str	r4, [sp, #20]
 143 0018 0694     		str	r4, [sp, #24]
  68:..//Source/stm/app/main.c **** 
 144              		.loc 1 68 0
 145 001a 0094     		str	r4, [sp]
 146 001c 0194     		str	r4, [sp, #4]
  72:..//Source/stm/app/main.c ****   /** Initializes the CPU, AHB and APB busses clocks 
 147              		.loc 1 72 0
 148 001e 134A     		ldr	r2, .L11
 149 0020 1368     		ldr	r3, [r2]
 150 0022 23F4C053 		bic	r3, r3, #6144
 151 0026 43F40063 		orr	r3, r3, #2048
 152 002a 1360     		str	r3, [r2]
  75:..//Source/stm/app/main.c ****   RCC_OscInitStruct.LSIState = RCC_LSI_ON;
 153              		.loc 1 75 0
 154 002c 1823     		movs	r3, #24
 155 002e 0793     		str	r3, [sp, #28]
  76:..//Source/stm/app/main.c ****   RCC_OscInitStruct.MSIState = RCC_MSI_ON;
 156              		.loc 1 76 0
 157 0030 0125     		movs	r5, #1
 158 0032 0C95     		str	r5, [sp, #48]
  77:..//Source/stm/app/main.c ****   RCC_OscInitStruct.MSICalibrationValue = 0;
 159              		.loc 1 77 0
 160 0034 0D95     		str	r5, [sp, #52]
  78:..//Source/stm/app/main.c ****   RCC_OscInitStruct.MSIClockRange = RCC_MSIRANGE_5;
 161              		.loc 1 78 0
 162 0036 0E94     		str	r4, [sp, #56]
  79:..//Source/stm/app/main.c ****   RCC_OscInitStruct.PLL.PLLState = RCC_PLL_NONE;
 163              		.loc 1 79 0
 164 0038 4FF42043 		mov	r3, #40960
 165 003c 0F93     		str	r3, [sp, #60]
  80:..//Source/stm/app/main.c ****   if (HAL_RCC_OscConfig(&RCC_OscInitStruct) != HAL_OK)
 166              		.loc 1 80 0
 167 003e 1094     		str	r4, [sp, #64]
  81:..//Source/stm/app/main.c ****   {
 168              		.loc 1 81 0
 169 0040 07A8     		add	r0, sp, #28
 170 0042 FFF7FEFF 		bl	HAL_RCC_OscConfig
ARM GAS  /tmp/ccNsRIMI.s 			page 8


 171              	.LVL2:
  87:..//Source/stm/app/main.c ****                               |RCC_CLOCKTYPE_PCLK1|RCC_CLOCKTYPE_PCLK2;
 172              		.loc 1 87 0
 173 0046 0F23     		movs	r3, #15
 174 0048 0293     		str	r3, [sp, #8]
  89:..//Source/stm/app/main.c ****   RCC_ClkInitStruct.AHBCLKDivider = RCC_SYSCLK_DIV1;
 175              		.loc 1 89 0
 176 004a 0394     		str	r4, [sp, #12]
  90:..//Source/stm/app/main.c ****   RCC_ClkInitStruct.APB1CLKDivider = RCC_HCLK_DIV1;
 177              		.loc 1 90 0
 178 004c 0494     		str	r4, [sp, #16]
  91:..//Source/stm/app/main.c ****   RCC_ClkInitStruct.APB2CLKDivider = RCC_HCLK_DIV1;
 179              		.loc 1 91 0
 180 004e 0594     		str	r4, [sp, #20]
  92:..//Source/stm/app/main.c **** 
 181              		.loc 1 92 0
 182 0050 0694     		str	r4, [sp, #24]
  94:..//Source/stm/app/main.c ****   {
 183              		.loc 1 94 0
 184 0052 2146     		mov	r1, r4
 185 0054 02A8     		add	r0, sp, #8
 186 0056 FFF7FEFF 		bl	HAL_RCC_ClockConfig
 187              	.LVL3:
  98:..//Source/stm/app/main.c ****   PeriphClkInit.RTCClockSelection = RCC_RTCCLKSOURCE_LSI;
 188              		.loc 1 98 0
 189 005a 0095     		str	r5, [sp]
  99:..//Source/stm/app/main.c ****   if (HAL_RCCEx_PeriphCLKConfig(&PeriphClkInit) != HAL_OK)
 190              		.loc 1 99 0
 191 005c 4FF40033 		mov	r3, #131072
 192 0060 0193     		str	r3, [sp, #4]
 100:..//Source/stm/app/main.c ****   {
 193              		.loc 1 100 0
 194 0062 6846     		mov	r0, sp
 195 0064 FFF7FEFF 		bl	HAL_RCCEx_PeriphCLKConfig
 196              	.LVL4:
 104:..//Source/stm/app/main.c **** 
 197              		.loc 1 104 0
 198 0068 15B0     		add	sp, sp, #84
 199              	.LCFI5:
 200              		.cfi_def_cfa_offset 12
 201              		@ sp needed
 202 006a 30BD     		pop	{r4, r5, pc}
 203              	.L12:
 204              		.align	2
 205              	.L11:
 206 006c 00700040 		.word	1073770496
 207              		.cfi_endproc
 208              	.LFE73:
 210              		.section	.text.main,"ax",%progbits
 211              		.align	1
 212              		.global	main
 213              		.syntax unified
 214              		.thumb
 215              		.thumb_func
 216              		.fpu softvfp
 218              	main:
 219              	.LFB72:
ARM GAS  /tmp/ccNsRIMI.s 			page 9


  20:..//Source/stm/app/main.c ****   /* USER CODE BEGIN 1 */
 220              		.loc 1 20 0
 221              		.cfi_startproc
 222              		@ Volatile: function does not return.
 223              		@ args = 0, pretend = 0, frame = 0
 224              		@ frame_needed = 0, uses_anonymous_args = 0
 225 0000 08B5     		push	{r3, lr}
 226              	.LCFI6:
 227              		.cfi_def_cfa_offset 8
 228              		.cfi_offset 3, -8
 229              		.cfi_offset 14, -4
  29:..//Source/stm/app/main.c **** 
 230              		.loc 1 29 0
 231 0002 FFF7FEFF 		bl	HAL_Init
 232              	.LVL5:
  36:..//Source/stm/app/main.c **** 
 233              		.loc 1 36 0
 234 0006 FFF7FEFF 		bl	SystemClock_Config
 235              	.LVL6:
  39:..//Source/stm/app/main.c ****   /* USER CODE END SysInit */
 236              		.loc 1 39 0
 237 000a FFF7FEFF 		bl	MX_GPIO_Init
 238              	.LVL7:
  43:..//Source/stm/app/main.c ****   /* USER CODE BEGIN 2 */
 239              		.loc 1 43 0
 240 000e FFF7FEFF 		bl	MX_USART1_UART_Init
 241              	.LVL8:
 242              	.L14:
  53:..//Source/stm/app/main.c **** 	HAL_Delay(1000);
 243              		.loc 1 53 0 discriminator 1
 244 0012 4FF6FF73 		movw	r3, #65535
 245 0016 0F22     		movs	r2, #15
 246 0018 0449     		ldr	r1, .L16
 247 001a 0548     		ldr	r0, .L16+4
 248 001c FFF7FEFF 		bl	HAL_UART_Transmit
 249              	.LVL9:
  54:..//Source/stm/app/main.c **** 	/* USER CODE BEGIN 3 */
 250              		.loc 1 54 0 discriminator 1
 251 0020 4FF47A70 		mov	r0, #1000
 252 0024 FFF7FEFF 		bl	HAL_Delay
 253              	.LVL10:
 254 0028 F3E7     		b	.L14
 255              	.L17:
 256 002a 00BF     		.align	2
 257              	.L16:
 258 002c 00000000 		.word	.LC0
 259 0030 00000000 		.word	huart1
 260              		.cfi_endproc
 261              	.LFE72:
 263              		.section	.text.Error_Handler,"ax",%progbits
 264              		.align	1
 265              		.global	Error_Handler
 266              		.syntax unified
 267              		.thumb
 268              		.thumb_func
 269              		.fpu softvfp
 271              	Error_Handler:
ARM GAS  /tmp/ccNsRIMI.s 			page 10


 272              	.LFB76:
 213:..//Source/stm/app/main.c **** 
 214:..//Source/stm/app/main.c **** /* USER CODE BEGIN 4 */
 215:..//Source/stm/app/main.c **** 
 216:..//Source/stm/app/main.c **** /* USER CODE END 4 */
 217:..//Source/stm/app/main.c **** 
 218:..//Source/stm/app/main.c **** /**
 219:..//Source/stm/app/main.c ****   * @brief  This function is executed in case of error occurrence.
 220:..//Source/stm/app/main.c ****   * @retval None
 221:..//Source/stm/app/main.c ****   */
 222:..//Source/stm/app/main.c **** void Error_Handler(void)
 223:..//Source/stm/app/main.c **** {
 273              		.loc 1 223 0
 274              		.cfi_startproc
 275              		@ args = 0, pretend = 0, frame = 0
 276              		@ frame_needed = 0, uses_anonymous_args = 0
 277              		@ link register save eliminated.
 278 0000 7047     		bx	lr
 279              		.cfi_endproc
 280              	.LFE76:
 282              		.comm	huart1,64,4
 283              		.section	.rodata.main.str1.4,"aMS",%progbits,1
 284              		.align	2
 285              	.LC0:
 286 0000 48656C6C 		.ascii	"Hello ubuntu\015\012\000"
 286      6F207562 
 286      756E7475 
 286      0D0A00
 287              		.text
 288              	.Letext0:
 289              		.file 2 "/usr/include/newlib/machine/_default_types.h"
 290              		.file 3 "/usr/include/newlib/sys/_stdint.h"
 291              		.file 4 "..//Source/stm/lib/CMSIS/Include/core_cm3.h"
 292              		.file 5 "..//Source/stm/lib/CMSIS/Device/ST/STM32L1xx/Include/system_stm32l1xx.h"
 293              		.file 6 "..//Source/stm/lib/CMSIS/Device/ST/STM32L1xx/Include/stm32l151xba.h"
 294              		.file 7 "..//Source/stm/lib/STM32L1xx_HAL_Driver/Inc/stm32l1xx_hal_def.h"
 295              		.file 8 "..//Source/stm/lib/STM32L1xx_HAL_Driver/Inc/stm32l1xx_hal_rcc.h"
 296              		.file 9 "..//Source/stm/lib/STM32L1xx_HAL_Driver/Inc/stm32l1xx_hal_rcc_ex.h"
 297              		.file 10 "..//Source/stm/lib/STM32L1xx_HAL_Driver/Inc/stm32l1xx_hal_dma.h"
 298              		.file 11 "..//Source/stm/lib/STM32L1xx_HAL_Driver/Inc/stm32l1xx_hal_uart.h"
 299              		.file 12 "..//Source/stm/lib/STM32L1xx_HAL_Driver/Inc/stm32l1xx_hal.h"
ARM GAS  /tmp/ccNsRIMI.s 			page 11


DEFINED SYMBOLS
                            *ABS*:0000000000000000 main.c
     /tmp/ccNsRIMI.s:16     .text.MX_GPIO_Init:0000000000000000 $t
     /tmp/ccNsRIMI.s:22     .text.MX_GPIO_Init:0000000000000000 MX_GPIO_Init
     /tmp/ccNsRIMI.s:53     .text.MX_GPIO_Init:000000000000001c $d
     /tmp/ccNsRIMI.s:58     .text.MX_USART1_UART_Init:0000000000000000 $t
     /tmp/ccNsRIMI.s:64     .text.MX_USART1_UART_Init:0000000000000000 MX_USART1_UART_Init
     /tmp/ccNsRIMI.s:103    .text.MX_USART1_UART_Init:0000000000000024 $d
                            *COM*:0000000000000040 huart1
     /tmp/ccNsRIMI.s:109    .text.SystemClock_Config:0000000000000000 $t
     /tmp/ccNsRIMI.s:116    .text.SystemClock_Config:0000000000000000 SystemClock_Config
     /tmp/ccNsRIMI.s:206    .text.SystemClock_Config:000000000000006c $d
     /tmp/ccNsRIMI.s:211    .text.main:0000000000000000 $t
     /tmp/ccNsRIMI.s:218    .text.main:0000000000000000 main
     /tmp/ccNsRIMI.s:258    .text.main:000000000000002c $d
     /tmp/ccNsRIMI.s:264    .text.Error_Handler:0000000000000000 $t
     /tmp/ccNsRIMI.s:271    .text.Error_Handler:0000000000000000 Error_Handler
     /tmp/ccNsRIMI.s:284    .rodata.main.str1.4:0000000000000000 $d
                     .debug_frame:0000000000000010 $d

UNDEFINED SYMBOLS
HAL_UART_Init
memset
HAL_RCC_OscConfig
HAL_RCC_ClockConfig
HAL_RCCEx_PeriphCLKConfig
HAL_Init
HAL_UART_Transmit
HAL_Delay
